Using pre-set license
Built from '2020.2/release' branch; Version is '2020.2.1f1 (270dd8c3da1c) revision 2559448'; Using compiler version '192528614'; Build Type 'Release'
OS: 'Windows 10  (10.0.0) 64bit' Language: 'en' Physical Memory: 7906 MB
BatchMode: 1, IsHumanControllingUs: 0, StartBugReporterOnCrash: 0, Is64bit: 1, IsPro: 0

 COMMAND LINE ARGUMENTS:
D:\Program Files\Unity\Hub\Editor\2020.2.1f1\Editor\Unity.exe
-adb2
-batchMode
-noUpm
-name
AssetImportWorker1
-projectPath
D:/Projects/KvistekHunter
-logFile
Logs/AssetImportWorker1.log
-srvPort
53047
Successfully changed project path to: D:/Projects/KvistekHunter
D:/Projects/KvistekHunter
Using Asset Import Pipeline V2.
Refreshing native plugins compatible for Editor in 86.89 ms, found 0 plugins.
Preloading 0 native plugins for Editor in 0.00 ms.
Initialize engine version: 2020.2.1f1 (270dd8c3da1c)
[Subsystems] Discovering subsystems at path D:/Program Files/Unity/Hub/Editor/2020.2.1f1/Editor/Data/Resources/UnitySubsystems
[Subsystems] Discovering subsystems at path D:/Projects/KvistekHunter/Assets
GfxDevice: creating device client; threaded=0
Direct3D:
    Version:  Direct3D 11.0 [level 11.0]
    Renderer: NVIDIA GeForce GT 740M (ID=0x1292)
    Vendor:   
    VRAM:     2020 MB
    Driver:   22.21.13.8205
Initialize mono
Mono path[0] = 'D:/Program Files/Unity/Hub/Editor/2020.2.1f1/Editor/Data/Managed'
Mono path[1] = 'D:/Program Files/Unity/Hub/Editor/2020.2.1f1/Editor/Data/MonoBleedingEdge/lib/mono/unityjit'
Mono config path = 'D:/Program Files/Unity/Hub/Editor/2020.2.1f1/Editor/Data/MonoBleedingEdge/etc'
Using monoOptions --debugger-agent=transport=dt_socket,embedding=1,server=y,suspend=n,address=127.0.0.1:56056
Begin MonoManager ReloadAssembly
Registering precompiled unity dll's ...
Register platform support module: D:/Program Files/Unity/Hub/Editor/2020.2.1f1/Editor/Data/PlaybackEngines/WindowsStandaloneSupport/UnityEditor.WindowsStandalone.Extensions.dll
Registered in 0.001748 seconds.
Native extension for WindowsStandalone target not found
Refreshing native plugins compatible for Editor in 47.30 ms, found 0 plugins.
Preloading 0 native plugins for Editor in 0.00 ms.
Invoked RoslynAnalysisRunner static constructor.
RoslynAnalysisRunner will not be running.
RoslynAnalysisRunner has terminated.
Mono: successfully reloaded assembly
- Completed reload, in  1.479 seconds
Platform modules already initialized, skipping
Registering precompiled user dll's ...
Registered in 0.002711 seconds.
Begin MonoManager ReloadAssembly
Native extension for WindowsStandalone target not found
Refreshing native plugins compatible for Editor in 0.49 ms, found 0 plugins.
Preloading 0 native plugins for Editor in 0.00 ms.
Invoked RoslynAnalysisRunner static constructor.
RoslynAnalysisRunner will not be running.
RoslynAnalysisRunner has terminated.
Find all reader and writers took 111 milliseconds
Script Module: UnityEngine.TestRunner.dll
Weave behaviours and messages took58 milliseconds
Find all reader and writers took 76 milliseconds
Script Module: SimpleWebTransport.dll
Weave behaviours and messages took7 milliseconds
Find all reader and writers took 83 milliseconds
Script Module: Unity.Timeline.dll
Weave behaviours and messages took39 milliseconds
Find all reader and writers took 68 milliseconds
Script Module: UnityEngine.UI.dll
Weave behaviours and messages took70 milliseconds
Find all reader and writers took 82 milliseconds
Script Module: Unity.ProBuilder.dll
Weave behaviours and messages took96 milliseconds
Find all reader and writers took 82 milliseconds
Script Module: Mirror.Components.dll
[NetworkAnimator] NetworkBehaviourProcessor
[NetworkRoomPlayer] NetworkBehaviourProcessor
[NetworkLobbyPlayer] NetworkBehaviourProcessor
[NetworkVisibility] NetworkBehaviourProcessor
[NetworkVisibility] Found NetworkBehaviour Mirror.NetworkVisibility
[NetworkVisibility] Process Start
[NetworkVisibility]   GenerateSerialization
[NetworkVisibility]   GenerateDeSerialization
[NetworkVisibility] Process Done
[NetworkMatchChecker] NetworkBehaviourProcessor
[NetworkVisibility] NetworkBehaviourProcessor
[NetworkProximityChecker] NetworkBehaviourProcessor
[NetworkRoomPlayer] NetworkBehaviourProcessor
[NetworkVisibility] NetworkBehaviourProcessor
[NetworkSceneChecker] NetworkBehaviourProcessor
[NetworkTransformBase] NetworkBehaviourProcessor
[NetworkTransform] NetworkBehaviourProcessor
[NetworkTransformBase] NetworkBehaviourProcessor
[NetworkTransformBase] NetworkBehaviourProcessor
[NetworkTransformChild] NetworkBehaviourProcessor
[NetworkLerpRigidbody] NetworkBehaviourProcessor
[NetworkRigidbody] NetworkBehaviourProcessor
[NetworkRigidbody2D] NetworkBehaviourProcessor
[NetworkTransformBase] NetworkBehaviourProcessor
[NetworkTransform] NetworkBehaviourProcessor
[NetworkTransformBase] NetworkBehaviourProcessor
[NetworkTransformBase] NetworkBehaviourProcessor
[NetworkTransformChild] NetworkBehaviourProcessor
Weave behaviours and messages took40 milliseconds
  ProcessSitesModule Mirror.Components.dll elapsed time:00:00:00.0175154
Find all reader and writers took 110 milliseconds
Script Module: Unity.TextMeshPro.dll
Weave behaviours and messages took99 milliseconds
Find all reader and writers took 68 milliseconds
Script Module: Unity.ProBuilder.Poly2Tri.dll
Weave behaviours and messages took11 milliseconds
Find all reader and writers took 79 milliseconds
Script Module: Unity.Postprocessing.Runtime.dll
Weave behaviours and messages took28 milliseconds
Find all reader and writers took 79 milliseconds
Script Module: Assembly-CSharp.dll
[GameTask] NetworkBehaviourProcessor
[GameLocalTask] NetworkBehaviourProcessor
[GameObstacle] NetworkBehaviourProcessor
[GameStatus] NetworkBehaviourProcessor
[GameTask] NetworkBehaviourProcessor
[GameTask] NetworkBehaviourProcessor
[GameLocalTask] NetworkBehaviourProcessor
[ButtonSequenceLocalTask] NetworkBehaviourProcessor
[GameTask] NetworkBehaviourProcessor
[GameLocalTask] NetworkBehaviourProcessor
[CodeLocalTask] NetworkBehaviourProcessor
[GameTask] NetworkBehaviourProcessor
[GameLocalTask] NetworkBehaviourProcessor
[DownloadLocalTask] NetworkBehaviourProcessor
[GameTask] NetworkBehaviourProcessor
[GameLocalTask] NetworkBehaviourProcessor
[MorseShortLocalTask] NetworkBehaviourProcessor
[GameTask] NetworkBehaviourProcessor
[GameLocalTask] NetworkBehaviourProcessor
[NumbersGraduallyLocalTask] NetworkBehaviourProcessor
[GameTask] NetworkBehaviourProcessor
[GameLocalTask] NetworkBehaviourProcessor
[NumbersLocalTask] NetworkBehaviourProcessor
[GameTask] NetworkBehaviourProcessor
[GameLocalTask] NetworkBehaviourProcessor
[UploadLocalTask] NetworkBehaviourProcessor
[GameObstacle] NetworkBehaviourProcessor
[LineDoorObject] NetworkBehaviourProcessor
[Player] NetworkBehaviourProcessor
[NetworkVisibility] NetworkBehaviourProcessor
[NetworkVisibility] Found NetworkBehaviour Mirror.NetworkVisibility
[NetworkVisibility] Process Start
[NetworkVisibility]   GenerateSerialization
[NetworkVisibility]   GenerateDeSerialization
[NetworkVisibility] Process Done
[NetworkProximityChecker] NetworkBehaviourProcessor
[PlayerProximityChecker] NetworkBehaviourProcessor
[GameTask] NetworkBehaviourProcessor
[AdminTableTask] NetworkBehaviourProcessor
[GameTask] NetworkBehaviourProcessor
[DoorsTask] NetworkBehaviourProcessor
[GameTask] NetworkBehaviourProcessor
[GeneratorTask] NetworkBehaviourProcessor
[GameTask] NetworkBehaviourProcessor
[LightsTask] NetworkBehaviourProcessor
[GameTask] NetworkBehaviourProcessor
[LineDoorTask] NetworkBehaviourProcessor
[GameTask] NetworkBehaviourProcessor
[VentTask] NetworkBehaviourProcessor
Weave behaviours and messages took29 milliseconds
  ProcessSitesModule Assembly-CSharp.dll elapsed time:00:00:00.0019990
Find all reader and writers took 73 milliseconds
Script Module: Telepathy.dll
Weave behaviours and messages took2 milliseconds
Find all reader and writers took 79 milliseconds
Script Module: Mirror.Authenticators.dll
Weave behaviours and messages took7 milliseconds
  ProcessSitesModule Mirror.Authenticators.dll elapsed time:00:00:00
Find all reader and writers took 78 milliseconds
Script Module: Unity.ProGrids.dll
Weave behaviours and messages took0 milliseconds
Find all reader and writers took 75 milliseconds
Script Module: Unity.ProBuilder.Csg.dll
Weave behaviours and messages took2 milliseconds
Find all reader and writers took 77 milliseconds
Script Module: Mirror.Cloud.dll
Weave behaviours and messages took3 milliseconds
Find all reader and writers took 73 milliseconds
Script Module: Unity.ProBuilder.KdTree.dll
Weave behaviours and messages took3 milliseconds
Find all reader and writers took 69 milliseconds
Script Module: kcp2k.dll
Weave behaviours and messages took4 milliseconds
