Using pre-set license
Built from '2020.2/release' branch; Version is '2020.2.1f1 (270dd8c3da1c) revision 2559448'; Using compiler version '192528614'; Build Type 'Release'
OS: 'Windows 10  (10.0.0) 64bit' Language: 'en' Physical Memory: 7906 MB
BatchMode: 1, IsHumanControllingUs: 0, StartBugReporterOnCrash: 0, Is64bit: 1, IsPro: 0

 COMMAND LINE ARGUMENTS:
D:\Program Files\Unity\Hub\Editor\2020.2.1f1\Editor\Unity.exe
-adb2
-batchMode
-noUpm
-name
AssetImportWorker2
-projectPath
D:/Projects/KvistekHunter
-logFile
Logs/AssetImportWorker2.log
-srvPort
50138
Successfully changed project path to: D:/Projects/KvistekHunter
D:/Projects/KvistekHunter
Using Asset Import Pipeline V2.
Refreshing native plugins compatible for Editor in 43.45 ms, found 0 plugins.
Preloading 0 native plugins for Editor in 0.00 ms.
Initialize engine version: 2020.2.1f1 (270dd8c3da1c)
[Subsystems] Discovering subsystems at path D:/Program Files/Unity/Hub/Editor/2020.2.1f1/Editor/Data/Resources/UnitySubsystems
[Subsystems] Discovering subsystems at path D:/Projects/KvistekHunter/Assets
GfxDevice: creating device client; threaded=0
Direct3D:
    Version:  Direct3D 11.0 [level 11.0]
    Renderer: NVIDIA GeForce GT 740M (ID=0x1292)
    Vendor:   
    VRAM:     2020 MB
    Driver:   22.21.13.8205
Initialize mono
Mono path[0] = 'D:/Program Files/Unity/Hub/Editor/2020.2.1f1/Editor/Data/Managed'
Mono path[1] = 'D:/Program Files/Unity/Hub/Editor/2020.2.1f1/Editor/Data/MonoBleedingEdge/lib/mono/unityjit'
Mono config path = 'D:/Program Files/Unity/Hub/Editor/2020.2.1f1/Editor/Data/MonoBleedingEdge/etc'
Using monoOptions --debugger-agent=transport=dt_socket,embedding=1,server=y,suspend=n,address=127.0.0.1:56136
Begin MonoManager ReloadAssembly
Registering precompiled unity dll's ...
Register platform support module: D:/Program Files/Unity/Hub/Editor/2020.2.1f1/Editor/Data/PlaybackEngines/WindowsStandaloneSupport/UnityEditor.WindowsStandalone.Extensions.dll
Registered in 0.001770 seconds.
Native extension for WindowsStandalone target not found
Refreshing native plugins compatible for Editor in 42.26 ms, found 0 plugins.
Preloading 0 native plugins for Editor in 0.00 ms.
Invoked RoslynAnalysisRunner static constructor.
RoslynAnalysisRunner will not be running.
RoslynAnalysisRunner has terminated.
Mono: successfully reloaded assembly
- Completed reload, in  1.280 seconds
Platform modules already initialized, skipping
Registering precompiled user dll's ...
Registered in 0.002943 seconds.
Begin MonoManager ReloadAssembly
Native extension for WindowsStandalone target not found
Refreshing native plugins compatible for Editor in 0.45 ms, found 0 plugins.
Preloading 0 native plugins for Editor in 0.00 ms.
Invoked RoslynAnalysisRunner static constructor.
RoslynAnalysisRunner will not be running.
RoslynAnalysisRunner has terminated.
Find all reader and writers took 107 milliseconds
Script Module: UnityEngine.TestRunner.dll
Weave behaviours and messages took66 milliseconds
Find all reader and writers took 75 milliseconds
Script Module: SimpleWebTransport.dll
Weave behaviours and messages took8 milliseconds
Find all reader and writers took 75 milliseconds
Script Module: Unity.Timeline.dll
Weave behaviours and messages took40 milliseconds
Find all reader and writers took 69 milliseconds
Script Module: UnityEngine.UI.dll
Weave behaviours and messages took79 milliseconds
Find all reader and writers took 78 milliseconds
Script Module: Unity.ProBuilder.dll
Weave behaviours and messages took87 milliseconds
Find all reader and writers took 72 milliseconds
Script Module: Mirror.Components.dll
[NetworkAnimator] NetworkBehaviourProcessor
[NetworkRoomPlayer] NetworkBehaviourProcessor
[NetworkLobbyPlayer] NetworkBehaviourProcessor
[NetworkVisibility] NetworkBehaviourProcessor
[NetworkVisibility] Found NetworkBehaviour Mirror.NetworkVisibility
[NetworkVisibility] Process Start
[NetworkVisibility]   GenerateSerialization
[NetworkVisibility]   GenerateDeSerialization
[NetworkVisibility] Process Done
[NetworkMatchChecker] NetworkBehaviourProcessor
[NetworkVisibility] NetworkBehaviourProcessor
[NetworkProximityChecker] NetworkBehaviourProcessor
[NetworkRoomPlayer] NetworkBehaviourProcessor
[NetworkVisibility] NetworkBehaviourProcessor
[NetworkSceneChecker] NetworkBehaviourProcessor
[NetworkTransformBase] NetworkBehaviourProcessor
[NetworkTransform] NetworkBehaviourProcessor
[NetworkTransformBase] NetworkBehaviourProcessor
[NetworkTransformBase] NetworkBehaviourProcessor
[NetworkTransformChild] NetworkBehaviourProcessor
[NetworkLerpRigidbody] NetworkBehaviourProcessor
[NetworkRigidbody] NetworkBehaviourProcessor
[NetworkRigidbody2D] NetworkBehaviourProcessor
[NetworkTransformBase] NetworkBehaviourProcessor
[NetworkTransform] NetworkBehaviourProcessor
[NetworkTransformBase] NetworkBehaviourProcessor
[NetworkTransformBase] NetworkBehaviourProcessor
[NetworkTransformChild] NetworkBehaviourProcessor
Weave behaviours and messages took42 milliseconds
  ProcessSitesModule Mirror.Components.dll elapsed time:00:00:00.0129621
Find all reader and writers took 99 milliseconds
Script Module: Unity.TextMeshPro.dll
Weave behaviours and messages took102 milliseconds
Find all reader and writers took 66 milliseconds
Script Module: Unity.ProBuilder.Poly2Tri.dll
Weave behaviours and messages took7 milliseconds
Find all reader and writers took 82 milliseconds
Script Module: Assembly-CSharp.dll
[GameTask] NetworkBehaviourProcessor
[GameLocalTask] NetworkBehaviourProcessor
[GameObstacle] NetworkBehaviourProcessor
[GameStatus] NetworkBehaviourProcessor
[GameTask] NetworkBehaviourProcessor
[GameTask] NetworkBehaviourProcessor
[GameLocalTask] NetworkBehaviourProcessor
[ButtonSequenceLocalTask] NetworkBehaviourProcessor
[GameTask] NetworkBehaviourProcessor
[GameLocalTask] NetworkBehaviourProcessor
[CodeLocalTask] NetworkBehaviourProcessor
[GameTask] NetworkBehaviourProcessor
[GameLocalTask] NetworkBehaviourProcessor
[DownloadLocalTask] NetworkBehaviourProcessor
[GameTask] NetworkBehaviourProcessor
[GameLocalTask] NetworkBehaviourProcessor
[NumbersLocalTask] NetworkBehaviourProcessor
[GameTask] NetworkBehaviourProcessor
[GameLocalTask] NetworkBehaviourProcessor
[UploadLocalTask] NetworkBehaviourProcessor
[GameObstacle] NetworkBehaviourProcessor
[LineDoorObject] NetworkBehaviourProcessor
[Player] NetworkBehaviourProcessor
[NetworkVisibility] NetworkBehaviourProcessor
[NetworkVisibility] Found NetworkBehaviour Mirror.NetworkVisibility
[NetworkVisibility] Process Start
[NetworkVisibility]   GenerateSerialization
[NetworkVisibility]   GenerateDeSerialization
[NetworkVisibility] Process Done
[NetworkProximityChecker] NetworkBehaviourProcessor
[PlayerProximityChecker] NetworkBehaviourProcessor
[GameTask] NetworkBehaviourProcessor
[AdminTableTask] NetworkBehaviourProcessor
[GameTask] NetworkBehaviourProcessor
[DoorsTask] NetworkBehaviourProcessor
[GameTask] NetworkBehaviourProcessor
[GeneratorTask] NetworkBehaviourProcessor
[GameTask] NetworkBehaviourProcessor
[LightsTask] NetworkBehaviourProcessor
[GameTask] NetworkBehaviourProcessor
[LineDoorTask] NetworkBehaviourProcessor
[GameTask] NetworkBehaviourProcessor
[VentTask] NetworkBehaviourProcessor
Weave behaviours and messages took26 milliseconds
  ProcessSitesModule Assembly-CSharp.dll elapsed time:00:00:00.0009994
Find all reader and writers took 67 milliseconds
Script Module: Telepathy.dll
Weave behaviours and messages took2 milliseconds
Find all reader and writers took 74 milliseconds
Script Module: Mirror.Authenticators.dll
Weave behaviours and messages took4 milliseconds
  ProcessSitesModule Mirror.Authenticators.dll elapsed time:00:00:00
Find all reader and writers took 76 milliseconds
Script Module: Unity.ProGrids.dll
Weave behaviours and messages took0 milliseconds
Find all reader and writers took 68 milliseconds
Script Module: Unity.ProBuilder.Csg.dll
Weave behaviours and messages took2 milliseconds
Find all reader and writers took 73 milliseconds
Script Module: Mirror.Cloud.dll
Weave behaviours and messages took3 milliseconds
Find all reader and writers took 72 milliseconds
Script Module: Unity.ProBuilder.KdTree.dll
Weave behaviours and messages took4 milliseconds
Find all reader and writers took 70 milliseconds
Script Module: kcp2k.dll
Weave behaviours and messages took6 milliseconds
Find all reader and writers took 68 milliseconds
Script Module: Unity.ProBuilder.Stl.dll
Weave behaviours and messages took4 milliseconds
Find all reader and writers took 116 milliseconds
Script Module: UnityEditor.TestRunner.dll
Weave behaviours and messages took49 milliseconds
Find all reader and writers took 100 milliseconds
Script Module: UnityEditor.UI.dll
Weave behaviours and messages took20 milliseconds
Find all reader and writers took 176 milliseconds
Script Module: Unity.ProBuilder.AssetIdRemapUtility.dll
Weave behaviours and messages took17 milliseconds
Find all reader and writers took 76 milliseconds
Script Module: Mirror.CompilerSymbols.dll
Weave behaviours and messages took0 milliseconds
Mono: successfully reloaded assembly
- Completed reload, in  6.630 seconds
Platform modules already initialized, skipping
========================================================================
Worker process is ready to serve import requests
Launched and connected shader compiler UnityShaderCompiler.exe after 0.35 seconds
Refreshing native plugins compatible for Editor in 0.50 ms, found 0 plugins.
Preloading 0 native plugins for Editor in 0.00 ms.
Unloading 1710 Unused Serialized files (Serialized files now loaded: 0)
System memory in use before: 80.9 MB.
System memory in use after: 81.0 MB.

Unloading 76 unused Assets to reduce memory usage. Loaded Objects now: 2150.
Total: 4.389900 ms (FindLiveObjects: 0.236500 ms CreateObjectMapping: 0.096800 ms MarkObjects: 3.815100 ms  DeleteObjects: 0.240200 ms)

========================================================================
Received Import Request.
  path: Assets/GAME/Scenes/SampleScene.unity
  artifactKey: Guid(9fc0d4010bbf28b4594072e72b8655ab) Importer(815301076,1909f56bfc062723c751e8b465ee728b)
Start importing Assets/GAME/Scenes/SampleScene.unity using Guid(9fc0d4010bbf28b4594072e72b8655ab) Importer(815301076,1909f56bfc062723c751e8b465ee728b)  -> (artifact id: '5d73d74403340f91ac6970e413b12008') in 0.077030 seconds
  Import took 0.141040 seconds .

========================================================================
Received Import Request.
  Time since last request: 92.637990 seconds.
  path: Assets/GAME/Scenes/Lobby.unity
  artifactKey: Guid(88b2972a336f4284cae78a1232fc5721) Importer(815301076,1909f56bfc062723c751e8b465ee728b)
Start importing Assets/GAME/Scenes/Lobby.unity using Guid(88b2972a336f4284cae78a1232fc5721) Importer(815301076,1909f56bfc062723c751e8b465ee728b)  -> (artifact id: '0424a8bdc65489e5c88e3c3193f8fa48') in 0.015682 seconds
  Import took 0.048985 seconds .

========================================================================
Received Prepare
Registering precompiled user dll's ...
Registered in 0.002965 seconds.
Begin MonoManager ReloadAssembly
Native extension for WindowsStandalone target not found
Refreshing native plugins compatible for Editor in 0.54 ms, found 0 plugins.
Preloading 0 native plugins for Editor in 0.00 ms.
Invoked RoslynAnalysisRunner static constructor.
RoslynAnalysisRunner will not be running.
RoslynAnalysisRunner has terminated.
Mono: successfully reloaded assembly
- Completed reload, in  1.533 seconds
Platform modules already initialized, skipping
Refreshing native plugins compatible for Editor in 0.50 ms, found 0 plugins.
Preloading 0 native plugins for Editor in 0.00 ms.
Unloading 1680 Unused Serialized files (Serialized files now loaded: 0)
System memory in use before: 79.5 MB.
System memory in use after: 79.6 MB.

Unloading 71 unused Assets to reduce memory usage. Loaded Objects now: 2152.
Total: 4.067200 ms (FindLiveObjects: 0.255400 ms CreateObjectMapping: 0.113000 ms MarkObjects: 3.558900 ms  DeleteObjects: 0.127000 ms)

========================================================================
Received Prepare
Registering precompiled user dll's ...
Registered in 0.007021 seconds.
Begin MonoManager ReloadAssembly
Native extension for WindowsStandalone target not found
Refreshing native plugins compatible for Editor in 5.44 ms, found 0 plugins.
Preloading 0 native plugins for Editor in 0.00 ms.
Invoked RoslynAnalysisRunner static constructor.
RoslynAnalysisRunner will not be running.
RoslynAnalysisRunner has terminated.
Mono: successfully reloaded assembly
- Completed reload, in  4.586 seconds
Platform modules already initialized, skipping
Refreshing native plugins compatible for Editor in 1.09 ms, found 0 plugins.
Preloading 0 native plugins for Editor in 0.00 ms.
Unloading 1680 Unused Serialized files (Serialized files now loaded: 0)
System memory in use before: 79.6 MB.
System memory in use after: 79.7 MB.

Unloading 71 unused Assets to reduce memory usage. Loaded Objects now: 2154.
Total: 10.724600 ms (FindLiveObjects: 1.993600 ms CreateObjectMapping: 0.190800 ms MarkObjects: 8.246300 ms  DeleteObjects: 0.279100 ms)

========================================================================
Received Prepare
Registering precompiled user dll's ...
Registered in 0.026634 seconds.
Begin MonoManager ReloadAssembly
Native extension for WindowsStandalone target not found
Refreshing native plugins compatible for Editor in 1.37 ms, found 0 plugins.
Preloading 0 native plugins for Editor in 0.00 ms.
Invoked RoslynAnalysisRunner static constructor.
RoslynAnalysisRunner will not be running.
RoslynAnalysisRunner has terminated.
Mono: successfully reloaded assembly
- Completed reload, in  4.555 seconds
Platform modules already initialized, skipping
Refreshing native plugins compatible for Editor in 0.58 ms, found 0 plugins.
Preloading 0 native plugins for Editor in 0.00 ms.
Unloading 1680 Unused Serialized files (Serialized files now loaded: 0)
System memory in use before: 80.5 MB.
System memory in use after: 80.6 MB.

Unloading 71 unused Assets to reduce memory usage. Loaded Objects now: 2156.
Total: 11.058500 ms (FindLiveObjects: 0.425400 ms CreateObjectMapping: 0.128600 ms MarkObjects: 9.888800 ms  DeleteObjects: 0.612000 ms)

========================================================================
Received Prepare
Registering precompiled user dll's ...
Registered in 0.003072 seconds.
Begin MonoManager ReloadAssembly
Native extension for WindowsStandalone target not found
Refreshing native plugins compatible for Editor in 1.53 ms, found 0 plugins.
Preloading 0 native plugins for Editor in 0.00 ms.
Invoked RoslynAnalysisRunner static constructor.
RoslynAnalysisRunner will not be running.
RoslynAnalysisRunner has terminated.
Mono: successfully reloaded assembly
- Completed reload, in  3.036 seconds
Platform modules already initialized, skipping
Refreshing native plugins compatible for Editor in 0.60 ms, found 0 plugins.
Preloading 0 native plugins for Editor in 0.00 ms.
Unloading 1681 Unused Serialized files (Serialized files now loaded: 0)
System memory in use before: 80.6 MB.
System memory in use after: 80.7 MB.

Unloading 71 unused Assets to reduce memory usage. Loaded Objects now: 2159.
Total: 4.394200 ms (FindLiveObjects: 0.312300 ms CreateObjectMapping: 0.176800 ms MarkObjects: 3.759000 ms  DeleteObjects: 0.143700 ms)

========================================================================
Received Prepare
Registering precompiled user dll's ...
Registered in 0.002904 seconds.
Begin MonoManager ReloadAssembly
Native extension for WindowsStandalone target not found
Refreshing native plugins compatible for Editor in 0.82 ms, found 0 plugins.
Preloading 0 native plugins for Editor in 0.00 ms.
Invoked RoslynAnalysisRunner static constructor.
RoslynAnalysisRunner will not be running.
RoslynAnalysisRunner has terminated.
Mono: successfully reloaded assembly
- Completed reload, in  2.376 seconds
Platform modules already initialized, skipping
Refreshing native plugins compatible for Editor in 0.62 ms, found 0 plugins.
Preloading 0 native plugins for Editor in 0.00 ms.
Unloading 1681 Unused Serialized files (Serialized files now loaded: 0)
System memory in use before: 80.5 MB.
System memory in use after: 80.6 MB.

Unloading 71 unused Assets to reduce memory usage. Loaded Objects now: 2161.
Total: 8.901200 ms (FindLiveObjects: 0.703000 ms CreateObjectMapping: 0.405800 ms MarkObjects: 7.501400 ms  DeleteObjects: 0.287800 ms)

========================================================================
Received Prepare
Registering precompiled user dll's ...
Registered in 0.003069 seconds.
Begin MonoManager ReloadAssembly
Native extension for WindowsStandalone target not found
Refreshing native plugins compatible for Editor in 0.48 ms, found 0 plugins.
Preloading 0 native plugins for Editor in 0.00 ms.
Invoked RoslynAnalysisRunner static constructor.
RoslynAnalysisRunner will not be running.
RoslynAnalysisRunner has terminated.
Mono: successfully reloaded assembly
- Completed reload, in  2.530 seconds
Platform modules already initialized, skipping
Refreshing native plugins compatible for Editor in 0.46 ms, found 0 plugins.
Preloading 0 native plugins for Editor in 0.00 ms.
Unloading 1681 Unused Serialized files (Serialized files now loaded: 0)
System memory in use before: 80.6 MB.
System memory in use after: 80.7 MB.

Unloading 71 unused Assets to reduce memory usage. Loaded Objects now: 2163.
Total: 3.854600 ms (FindLiveObjects: 0.238400 ms CreateObjectMapping: 0.088600 ms MarkObjects: 3.403400 ms  DeleteObjects: 0.123200 ms)

========================================================================
Received Prepare
Registering precompiled user dll's ...
Registered in 0.003378 seconds.
Begin MonoManager ReloadAssembly
Native extension for WindowsStandalone target not found
Refreshing native plugins compatible for Editor in 0.44 ms, found 0 plugins.
Preloading 0 native plugins for Editor in 0.00 ms.
Invoked RoslynAnalysisRunner static constructor.
RoslynAnalysisRunner will not be running.
RoslynAnalysisRunner has terminated.
Mono: successfully reloaded assembly
- Completed reload, in  1.310 seconds
Platform modules already initialized, skipping
Refreshing native plugins compatible for Editor in 0.54 ms, found 0 plugins.
Preloading 0 native plugins for Editor in 0.00 ms.
Unloading 1681 Unused Serialized files (Serialized files now loaded: 0)
System memory in use before: 80.4 MB.
System memory in use after: 80.5 MB.

Unloading 71 unused Assets to reduce memory usage. Loaded Objects now: 2165.
Total: 4.122000 ms (FindLiveObjects: 0.413900 ms CreateObjectMapping: 0.131400 ms MarkObjects: 3.376600 ms  DeleteObjects: 0.197800 ms)

========================================================================
Received Prepare
Registering precompiled user dll's ...
Registered in 0.003656 seconds.
Begin MonoManager ReloadAssembly
Native extension for WindowsStandalone target not found
Refreshing native plugins compatible for Editor in 0.47 ms, found 0 plugins.
Preloading 0 native plugins for Editor in 0.00 ms.
Invoked RoslynAnalysisRunner static constructor.
RoslynAnalysisRunner will not be running.
RoslynAnalysisRunner has terminated.
Mono: successfully reloaded assembly
- Completed reload, in  1.562 seconds
Platform modules already initialized, skipping
Refreshing native plugins compatible for Editor in 0.54 ms, found 0 plugins.
Preloading 0 native plugins for Editor in 0.00 ms.
Unloading 1681 Unused Serialized files (Serialized files now loaded: 0)
System memory in use before: 80.6 MB.
System memory in use after: 80.8 MB.

Unloading 71 unused Assets to reduce memory usage. Loaded Objects now: 2167.
Total: 4.675400 ms (FindLiveObjects: 0.475100 ms CreateObjectMapping: 0.245700 ms MarkObjects: 3.776500 ms  DeleteObjects: 0.176100 ms)

========================================================================
Received Prepare
Registering precompiled user dll's ...
Registered in 0.003009 seconds.
Begin MonoManager ReloadAssembly
Native extension for WindowsStandalone target not found
Refreshing native plugins compatible for Editor in 0.73 ms, found 0 plugins.
Preloading 0 native plugins for Editor in 0.00 ms.
Invoked RoslynAnalysisRunner static constructor.
RoslynAnalysisRunner will not be running.
RoslynAnalysisRunner has terminated.
Mono: successfully reloaded assembly
- Completed reload, in  1.372 seconds
Platform modules already initialized, skipping
Refreshing native plugins compatible for Editor in 0.55 ms, found 0 plugins.
Preloading 0 native plugins for Editor in 0.00 ms.
Unloading 1681 Unused Serialized files (Serialized files now loaded: 0)
System memory in use before: 80.4 MB.
System memory in use after: 80.5 MB.

Unloading 71 unused Assets to reduce memory usage. Loaded Objects now: 2169.
Total: 4.101200 ms (FindLiveObjects: 0.352100 ms CreateObjectMapping: 0.235700 ms MarkObjects: 3.326000 ms  DeleteObjects: 0.185000 ms)

========================================================================
Received Import Request.
  Time since last request: 1648.168146 seconds.
  path: Assets/GAME/Sounds/Morse/g.mp3
  artifactKey: Guid(b655814184ef3b446a06d4b419984417) Importer(815301076,1909f56bfc062723c751e8b465ee728b)
Start importing Assets/GAME/Sounds/Morse/g.mp3 using Guid(b655814184ef3b446a06d4b419984417) Importer(815301076,1909f56bfc062723c751e8b465ee728b)  -> (artifact id: '0a6b03d87a5475cb8f4f257fe2b0ed21') in 0.330601 seconds
  Import took 0.426555 seconds .

========================================================================
Received Import Request.
  Time since last request: 0.000259 seconds.
  path: Assets/GAME/Sounds/Morse/f.mp3
  artifactKey: Guid(78340ad9da33cd1428604cc65aef03ff) Importer(815301076,1909f56bfc062723c751e8b465ee728b)
Start importing Assets/GAME/Sounds/Morse/f.mp3 using Guid(78340ad9da33cd1428604cc65aef03ff) Importer(815301076,1909f56bfc062723c751e8b465ee728b)  -> (artifact id: '20fc98eb62aba34426846f7face1f385') in 0.026984 seconds
  Import took 0.063232 seconds .

========================================================================
Received Import Request.
  Time since last request: 66.853628 seconds.
  path: Assets/GAME/Prefabs/LocalTaskMorseShort.prefab
  artifactKey: Guid(ee6610cf9a464ca42b6cdee4c41633b8) Importer(815301076,1909f56bfc062723c751e8b465ee728b)
Start importing Assets/GAME/Prefabs/LocalTaskMorseShort.prefab using Guid(ee6610cf9a464ca42b6cdee4c41633b8) Importer(815301076,1909f56bfc062723c751e8b465ee728b)  -> (artifact id: '847c2940fd00e499de2ee3ba09019b15') in 0.174763 seconds
  Import took 0.218115 seconds .

========================================================================
Received Prepare
Registering precompiled user dll's ...
Registered in 0.002978 seconds.
Begin MonoManager ReloadAssembly
Native extension for WindowsStandalone target not found
Refreshing native plugins compatible for Editor in 0.52 ms, found 0 plugins.
Preloading 0 native plugins for Editor in 0.00 ms.
Invoked RoslynAnalysisRunner static constructor.
RoslynAnalysisRunner will not be running.
RoslynAnalysisRunner has terminated.
Mono: successfully reloaded assembly
- Completed reload, in  1.833 seconds
Platform modules already initialized, skipping
Refreshing native plugins compatible for Editor in 0.46 ms, found 0 plugins.
Preloading 0 native plugins for Editor in 0.00 ms.
Unloading 1681 Unused Serialized files (Serialized files now loaded: 0)
System memory in use before: 83.8 MB.
System memory in use after: 83.9 MB.

Unloading 72 unused Assets to reduce memory usage. Loaded Objects now: 2181.
Total: 3.711700 ms (FindLiveObjects: 0.367800 ms CreateObjectMapping: 0.250800 ms MarkObjects: 2.944800 ms  DeleteObjects: 0.145100 ms)

========================================================================
Received Import Request.
  Time since last request: 2962.139362 seconds.
  path: Assets/GAME/Prefabs/LocalTasks/LocalTaskMorseShort.prefab
  artifactKey: Guid(ee6610cf9a464ca42b6cdee4c41633b8) Importer(815301076,1909f56bfc062723c751e8b465ee728b)
Start importing Assets/GAME/Prefabs/LocalTasks/LocalTaskMorseShort.prefab using Guid(ee6610cf9a464ca42b6cdee4c41633b8) Importer(815301076,1909f56bfc062723c751e8b465ee728b)  -> (artifact id: 'd279f121db24e84bb93d9da847c7b4de') in 0.090363 seconds
  Import took 0.131177 seconds .

========================================================================
Received Prepare
Registering precompiled user dll's ...
Registered in 0.003223 seconds.
Begin MonoManager ReloadAssembly
Native extension for WindowsStandalone target not found
Refreshing native plugins compatible for Editor in 2.28 ms, found 0 plugins.
Preloading 0 native plugins for Editor in 0.00 ms.
Invoked RoslynAnalysisRunner static constructor.
RoslynAnalysisRunner will not be running.
RoslynAnalysisRunner has terminated.
Mono: successfully reloaded assembly
- Completed reload, in  1.759 seconds
Platform modules already initialized, skipping
Refreshing native plugins compatible for Editor in 1.42 ms, found 0 plugins.
Preloading 0 native plugins for Editor in 0.00 ms.
Unloading 1681 Unused Serialized files (Serialized files now loaded: 0)
System memory in use before: 83.5 MB.
System memory in use after: 83.6 MB.

Unloading 72 unused Assets to reduce memory usage. Loaded Objects now: 2184.
Total: 3.594000 ms (FindLiveObjects: 0.280100 ms CreateObjectMapping: 0.118400 ms MarkObjects: 3.049900 ms  DeleteObjects: 0.143400 ms)

========================================================================
Received Import Request.
  Time since last request: 367.125469 seconds.
  path: Assets/GAME/Prefabs/LocalTasks/LocalTaskMorseShort.prefab
  artifactKey: Guid(ee6610cf9a464ca42b6cdee4c41633b8) Importer(815301076,1909f56bfc062723c751e8b465ee728b)
Start importing Assets/GAME/Prefabs/LocalTasks/LocalTaskMorseShort.prefab using Guid(ee6610cf9a464ca42b6cdee4c41633b8) Importer(815301076,1909f56bfc062723c751e8b465ee728b)  -> (artifact id: '737ac0e75ce3e7ce2035859ad0222b63') in 0.095663 seconds
  Import took 0.119952 seconds .

