Using pre-set license
Built from 'trunk' branch; Version is '2021.1.0a4 (7d39c812e75a) revision 8206792'; Using compiler version '192528614'; Build Type 'Release'
OS: 'Windows 10 Education; OS build 17763.1577; Version 1809; 64bit' Language: 'en' Physical Memory: 49102 MB
BatchMode: 1, IsHumanControllingUs: 0, StartBugReporterOnCrash: 0, Is64bit: 1, IsPro: 0

 COMMAND LINE ARGUMENTS:
E:\Unity5\2021.1.0a4\Editor\Unity.exe
-adb2
-batchMode
-noUpm
-name
AssetImportWorker0
-projectPath
G:/Projects/HideNSeek
-logFile
Logs/AssetImportWorker0.log
-srvPort
54229
Successfully changed project path to: G:/Projects/HideNSeek
G:/Projects/HideNSeek
Using Asset Import Pipeline V2.
Refreshing native plugins compatible for Editor in 28.63 ms, found 0 plugins.
Preloading 0 native plugins for Editor in 0.00 ms.
Initialize engine version: 2021.1.0a4 (7d39c812e75a)
[Subsystems] Discovering subsystems at path E:/Unity5/2021.1.0a4/Editor/Data/Resources/UnitySubsystems
[Subsystems] Discovering subsystems at path G:/Projects/HideNSeek/Assets
GfxDevice: creating device client; threaded=0; jobified=0
Direct3D:
    Version:  Direct3D 11.0 [level 11.1]
    Renderer: Radeon RX 570 Series (ID=0x67df)
    Vendor:   
    VRAM:     4075 MB
    Driver:   27.20.1017.1011
Initialize mono
Mono path[0] = 'E:/Unity5/2021.1.0a4/Editor/Data/Managed'
Mono path[1] = 'E:/Unity5/2021.1.0a4/Editor/Data/MonoBleedingEdge/lib/mono/unityjit'
Mono config path = 'E:/Unity5/2021.1.0a4/Editor/Data/MonoBleedingEdge/etc'
Using monoOptions --debugger-agent=transport=dt_socket,embedding=1,server=y,suspend=n,address=127.0.0.1:56416
Begin MonoManager ReloadAssembly
Registering precompiled unity dll's ...
Register platform support module: E:/Unity5/2021.1.0a4/Editor/Data/PlaybackEngines/MacStandaloneSupport/UnityEditor.OSXStandalone.Extensions.dll
Register platform support module: E:/Unity5/2021.1.0a4/Editor/Data/PlaybackEngines/WindowsStandaloneSupport/UnityEditor.WindowsStandalone.Extensions.dll
Register platform support module: E:/Unity5/2021.1.0a4/Editor/Data/PlaybackEngines/LinuxStandaloneSupport/UnityEditor.LinuxStandalone.Extensions.dll
Registered in 0.002845 seconds.
Native extension for LinuxStandalone target not found
Native extension for WindowsStandalone target not found
Native extension for OSXStandalone target not found
Refreshing native plugins compatible for Editor in 27.84 ms, found 0 plugins.
Preloading 0 native plugins for Editor in 0.00 ms.
Invoked RoslynAnalysisRunner static constructor.
RoslynAnalysisRunner will not be running.
RoslynAnalysisRunner has terminated.
Mono: successfully reloaded assembly
- Completed reload, in  2.104 seconds
Platform modules already initialized, skipping
Registering precompiled user dll's ...
Registered in 0.000854 seconds.
Begin MonoManager ReloadAssembly
Symbol file LoadedFromMemory doesn't match image G:\Projects\HideNSeek\Library\PackageCache\com.unity.ext.nunit@1.0.0\net35\unity-custom\nunit.framework.dll
Native extension for LinuxStandalone target not found
Native extension for WindowsStandalone target not found
Native extension for OSXStandalone target not found
Refreshing native plugins compatible for Editor in 0.26 ms, found 0 plugins.
Preloading 0 native plugins for Editor in 0.00 ms.
Invoked RoslynAnalysisRunner static constructor.
RoslynAnalysisRunner will not be running.
RoslynAnalysisRunner has terminated.
Mono: successfully reloaded assembly
- Completed reload, in  1.102 seconds
Platform modules already initialized, skipping
========================================================================
Worker process is ready to serve import requests
Launched and connected shader compiler UnityShaderCompiler.exe after 0.06 seconds
Refreshing native plugins compatible for Editor in 0.25 ms, found 0 plugins.
Preloading 0 native plugins for Editor in 0.00 ms.
Unloading 1091 Unused Serialized files (Serialized files now loaded: 0)
System memory in use before: 190.3 MB.
System memory in use after: 190.4 MB.

Unloading 10 unused Assets to reduce memory usage. Loaded Objects now: 1542.
Total: 2.146800 ms (FindLiveObjects: 0.337800 ms CreateObjectMapping: 0.040700 ms MarkObjects: 1.698000 ms  DeleteObjects: 0.068900 ms)

========================================================================
Received Import Request.
  path: Assets/Scenes/SampleScene.unity
  artifactKey: Guid(9fc0d4010bbf28b4594072e72b8655ab) Importer(2089858483,934ff659095e30574adcf32a4c2f97b5)
Start importing Assets/Scenes/SampleScene.unity using Guid(9fc0d4010bbf28b4594072e72b8655ab) Importer(2089858483,934ff659095e30574adcf32a4c2f97b5) Generated asset (ASIEI01) VirtualArtifacts/NamedExtra/056dc3e114bdd4b4aa72b6f91e2769c4.asset.1.index for Assets/Scenes/SampleScene.unity with Types
 -> (artifact id: 'e480f814bd8df87bdb3a963d71dbddcb') in 0.101571 seconds 
========================================================================
Received Import Request.
  Time since last request: 11.844118 seconds.
  path: Assets
  artifactKey: Guid(00000000000000001000000000000000) Importer(815301076,1909f56bfc062723c751e8b465ee728b)
Start importing Assets using Guid(00000000000000001000000000000000) Importer(815301076,1909f56bfc062723c751e8b465ee728b)  -> (artifact id: '7826e5d911f294d9a16ac69bb0a09181') in 0.008819 seconds 
========================================================================
Received Import Request.
  Time since last request: 4.443562 seconds.
  path: Assets/GAME
  artifactKey: Guid(f23c5c2a5fde13440877146a76d758fd) Importer(815301076,1909f56bfc062723c751e8b465ee728b)
Start importing Assets/GAME using Guid(f23c5c2a5fde13440877146a76d758fd) Importer(815301076,1909f56bfc062723c751e8b465ee728b)  -> (artifact id: 'b502ce2a674c0dca687159030f7ab6b5') in 0.007950 seconds 
========================================================================
Received Import Request.
  Time since last request: 0.467935 seconds.
  path: Assets/GAME
  artifactKey: Guid(f23c5c2a5fde13440877146a76d758fd) Importer(2089858483,934ff659095e30574adcf32a4c2f97b5)
Start importing Assets/GAME using Guid(f23c5c2a5fde13440877146a76d758fd) Importer(2089858483,934ff659095e30574adcf32a4c2f97b5) Generated asset (ASIEI01) VirtualArtifacts/NamedExtra/d4247893298ddbe42bd088e673eaa10e.asset.1.index for Assets/GAME with Types
 -> (artifact id: 'b53278d7583ec20615f0699ae993f21c') in 0.051813 seconds 
========================================================================
Received Import Request.
  Time since last request: 5.400737 seconds.
  path: Assets/GAME/Scripts
  artifactKey: Guid(df5bb01425197d448af0663051056071) Importer(815301076,1909f56bfc062723c751e8b465ee728b)
Start importing Assets/GAME/Scripts using Guid(df5bb01425197d448af0663051056071) Importer(815301076,1909f56bfc062723c751e8b465ee728b)  -> (artifact id: '5d6a19310f460d6b9c5ce2503991a053') in 0.008459 seconds 
========================================================================
Received Import Request.
  Time since last request: 0.472222 seconds.
  path: Assets/GAME/Scripts
  artifactKey: Guid(df5bb01425197d448af0663051056071) Importer(2089858483,934ff659095e30574adcf32a4c2f97b5)
Start importing Assets/GAME/Scripts using Guid(df5bb01425197d448af0663051056071) Importer(2089858483,934ff659095e30574adcf32a4c2f97b5) Generated asset (ASIEI01) VirtualArtifacts/NamedExtra/de59633641dd87445be43c59c7415115.asset.1.index for Assets/GAME/Scripts with Types
 -> (artifact id: '4eecd65150dcbff7aa6e294d9c4521f2') in 0.036611 seconds 
========================================================================
Received Import Request.
  Time since last request: 4.616559 seconds.
  path: Assets/GAME/Scripts/Player.cs
  artifactKey: Guid(c4dc64bc3b9ca804b9693b9309a5526b) Importer(815301076,1909f56bfc062723c751e8b465ee728b)
Start importing Assets/GAME/Scripts/Player.cs using Guid(c4dc64bc3b9ca804b9693b9309a5526b) Importer(815301076,1909f56bfc062723c751e8b465ee728b)  -> (artifact id: '00844ae3bbd956f223df87387da37359') in 0.164120 seconds 
========================================================================
Received Import Request.
  Time since last request: 0.016337 seconds.
  path: Assets/GAME/Scripts/Player.cs
  artifactKey: Guid(c4dc64bc3b9ca804b9693b9309a5526b) Importer(2089858483,934ff659095e30574adcf32a4c2f97b5)
Start importing Assets/GAME/Scripts/Player.cs using Guid(c4dc64bc3b9ca804b9693b9309a5526b) Importer(2089858483,934ff659095e30574adcf32a4c2f97b5) Generated asset (ASIEI01) VirtualArtifacts/NamedExtra/e804961ab745f8b4eb173fe9f893e3cf.asset.1.index for Assets/GAME/Scripts/Player.cs with Types
 -> (artifact id: 'e770a841d78eca1d3051646055b2fddd') in 0.017255 seconds 
========================================================================
Received Prepare
Registering precompiled user dll's ...
Registered in 0.000899 seconds.
Begin MonoManager ReloadAssembly
Symbol file LoadedFromMemory doesn't match image G:\Projects\HideNSeek\Library\PackageCache\com.unity.ext.nunit@1.0.0\net35\unity-custom\nunit.framework.dll
Native extension for LinuxStandalone target not found
Native extension for WindowsStandalone target not found
Native extension for OSXStandalone target not found
Refreshing native plugins compatible for Editor in 0.25 ms, found 0 plugins.
Preloading 0 native plugins for Editor in 0.00 ms.
Invoked RoslynAnalysisRunner static constructor.
RoslynAnalysisRunner will not be running.
RoslynAnalysisRunner has terminated.
Mono: successfully reloaded assembly
- Completed reload, in  0.993 seconds
Platform modules already initialized, skipping
Refreshing native plugins compatible for Editor in 0.25 ms, found 0 plugins.
Preloading 0 native plugins for Editor in 0.00 ms.
Unloading 1087 Unused Serialized files (Serialized files now loaded: 0)
System memory in use before: 190.4 MB.
System memory in use after: 190.5 MB.

Unloading 5 unused Assets to reduce memory usage. Loaded Objects now: 1545.
Total: 2.254000 ms (FindLiveObjects: 0.293900 ms CreateObjectMapping: 0.034800 ms MarkObjects: 1.876600 ms  DeleteObjects: 0.046900 ms)

========================================================================
Received Import Request.
  Time since last request: 22.642722 seconds.
  path: Assets/Scenes
  artifactKey: Guid(c660ee6271d28504b84c4395a1e3ebf6) Importer(815301076,1909f56bfc062723c751e8b465ee728b)
Start importing Assets/Scenes using Guid(c660ee6271d28504b84c4395a1e3ebf6) Importer(815301076,1909f56bfc062723c751e8b465ee728b)  -> (artifact id: '9717d70fcb5129c03fcd8ee52ae8a2fb') in 0.012176 seconds 
========================================================================
Received Import Request.
  Time since last request: 5.281616 seconds.
  path: Assets/GAME/Scenes
  artifactKey: Guid(cf4b9c81c901f24418ac382f87ed547f) Importer(815301076,1909f56bfc062723c751e8b465ee728b)
Start importing Assets/GAME/Scenes using Guid(cf4b9c81c901f24418ac382f87ed547f) Importer(815301076,1909f56bfc062723c751e8b465ee728b)  -> (artifact id: 'ae924d38857437930676a59028e5133c') in 0.003612 seconds 
========================================================================
Received Import Request.
  Time since last request: 0.860440 seconds.
  path: Assets/Scenes/SampleScene.unity
  artifactKey: Guid(9fc0d4010bbf28b4594072e72b8655ab) Importer(815301076,1909f56bfc062723c751e8b465ee728b)
Start importing Assets/Scenes/SampleScene.unity using Guid(9fc0d4010bbf28b4594072e72b8655ab) Importer(815301076,1909f56bfc062723c751e8b465ee728b)  -> (artifact id: '1870afec11c6d0e21be8ca2f1ac599d4') in 0.019279 seconds 
========================================================================
Received Prepare
Registering precompiled user dll's ...
Registered in 0.002951 seconds.
Begin MonoManager ReloadAssembly
Symbol file LoadedFromMemory doesn't match image G:\Projects\HideNSeek\Library\PackageCache\com.unity.ext.nunit@1.0.0\net35\unity-custom\nunit.framework.dll
Native extension for LinuxStandalone target not found
Native extension for WindowsStandalone target not found
Native extension for OSXStandalone target not found
Refreshing native plugins compatible for Editor in 0.33 ms, found 0 plugins.
Preloading 0 native plugins for Editor in 0.00 ms.
Invoked RoslynAnalysisRunner static constructor.
RoslynAnalysisRunner will not be running.
RoslynAnalysisRunner has terminated.
Failed to find Mirror runtime assembly
UnityEngine.StackTraceUtility:ExtractStackTrace ()
UnityEngine.DebugLogHandler:LogFormat (UnityEngine.LogType,UnityEngine.Object,string,object[])
UnityEngine.Logger:Log (UnityEngine.LogType,object)
UnityEngine.Debug:LogError (object)
Mirror.Weaver.CompilationFinishedHook:OnCompilationFinished (string,UnityEditor.Compilation.CompilerMessage[]) (at Assets/Mirror/Editor/Weaver/CompilationFinishedHook.cs:120)
Mirror.Weaver.CompilationFinishedHook:WeaveExistingAssemblies () (at Assets/Mirror/Editor/Weaver/CompilationFinishedHook.cs:66)
Mirror.Weaver.CompilationFinishedHook:OnInitializeOnLoad () (at Assets/Mirror/Editor/Weaver/CompilationFinishedHook.cs:56)

(Filename: Assets/Mirror/Editor/Weaver/CompilationFinishedHook.cs Line: 120)

Failed to find Mirror runtime assembly
UnityEngine.StackTraceUtility:ExtractStackTrace ()
UnityEngine.DebugLogHandler:LogFormat (UnityEngine.LogType,UnityEngine.Object,string,object[])
UnityEngine.Logger:Log (UnityEngine.LogType,object)
UnityEngine.Debug:LogError (object)
Mirror.Weaver.CompilationFinishedHook:OnCompilationFinished (string,UnityEditor.Compilation.CompilerMessage[]) (at Assets/Mirror/Editor/Weaver/CompilationFinishedHook.cs:120)
Mirror.Weaver.CompilationFinishedHook:WeaveExistingAssemblies () (at Assets/Mirror/Editor/Weaver/CompilationFinishedHook.cs:66)
Mirror.Weaver.CompilationFinishedHook:OnInitializeOnLoad () (at Assets/Mirror/Editor/Weaver/CompilationFinishedHook.cs:56)

(Filename: Assets/Mirror/Editor/Weaver/CompilationFinishedHook.cs Line: 120)

[ScriptCompilation] NOT recompiling all scripts because this is an import worker process. Reason to compile was: Define symbols changed
Mono: successfully reloaded assembly
- Completed reload, in  1.143 seconds
Platform modules already initialized, skipping
Refreshing native plugins compatible for Editor in 0.34 ms, found 0 plugins.
Preloading 0 native plugins for Editor in 0.00 ms.
Unloading 1272 Unused Serialized files (Serialized files now loaded: 0)
System memory in use before: 196.2 MB.
System memory in use after: 196.3 MB.

Unloading 10 unused Assets to reduce memory usage. Loaded Objects now: 1727.
Total: 2.328000 ms (FindLiveObjects: 0.360400 ms CreateObjectMapping: 0.039200 ms MarkObjects: 1.882800 ms  DeleteObjects: 0.044500 ms)

========================================================================
Received Prepare
Registering precompiled user dll's ...
Registered in 0.003080 seconds.
Begin MonoManager ReloadAssembly
Symbol file LoadedFromMemory doesn't match image G:\Projects\HideNSeek\Library\PackageCache\com.unity.ext.nunit@1.0.0\net35\unity-custom\nunit.framework.dll
Native extension for LinuxStandalone target not found
Native extension for WindowsStandalone target not found
Native extension for OSXStandalone target not found
Refreshing native plugins compatible for Editor in 0.71 ms, found 0 plugins.
Preloading 0 native plugins for Editor in 0.00 ms.
Warning: Annotation not found!
UnityEngine.StackTraceUtility:ExtractStackTrace ()
UnityEditor.ProBuilder.EditorUtility:SetGizmoIconEnabled (System.Type,bool) (at Library/PackageCache/com.unity.probuilder@4.4.0/Editor/EditorCore/EditorUtility.cs:593)
UnityEditor.ProBuilder.HierarchyListener:.cctor () (at Library/PackageCache/com.unity.probuilder@4.4.0/Editor/EditorCore/HierarchyListener.cs:21)
System.Runtime.CompilerServices.RuntimeHelpers:RunClassConstructor (System.RuntimeTypeHandle)
UnityEditor.EditorAssemblies:ProcessInitializeOnLoadAttributes (System.Type[])

[Library/PackageCache/com.unity.probuilder@4.4.0/Editor/EditorCore/EditorUtility.cs line 593]

Invoked RoslynAnalysisRunner static constructor.
RoslynAnalysisRunner will not be running.
RoslynAnalysisRunner has terminated.
[ScriptCompilation] NOT recompiling all scripts because this is an import worker process. Reason to compile was: Define symbols changed
Mono: successfully reloaded assembly
- Completed reload, in  1.302 seconds
Platform modules already initialized, skipping
Refreshing native plugins compatible for Editor in 0.42 ms, found 0 plugins.
Preloading 0 native plugins for Editor in 0.00 ms.
Unloading 1633 Unused Serialized files (Serialized files now loaded: 0)
System memory in use before: 211.6 MB.
System memory in use after: 209.8 MB.

Unloading 33 unused Assets to reduce memory usage. Loaded Objects now: 2070.
Total: 4.245200 ms (FindLiveObjects: 0.389600 ms CreateObjectMapping: 0.049700 ms MarkObjects: 2.376400 ms  DeleteObjects: 1.427900 ms)

AssetImportWorkerClient::OnTransportError - code=2 error=End of file
